[2026-04-28 22:20:32Z INFO HostContext] No proxy settings were found based on environmental variables (http_proxy/https_proxy/HTTP_PROXY/HTTPS_PROXY)
[2026-04-28 22:20:32Z INFO HostContext] Well known directory 'Bin': 'C:\Users\HMS COMPUTER\Desktop\CICD N\beginner-html-site\bin'
[2026-04-28 22:20:32Z INFO HostContext] Well known directory 'Root': 'C:\Users\HMS COMPUTER\Desktop\CICD N\beginner-html-site'
[2026-04-28 22:20:32Z INFO HostContext] Well known config file 'Credentials': 'C:\Users\HMS COMPUTER\Desktop\CICD N\beginner-html-site\.credentials'
[2026-04-28 22:20:32Z INFO HostContext] Well known directory 'Bin': 'C:\Users\HMS COMPUTER\Desktop\CICD N\beginner-html-site\bin'
[2026-04-28 22:20:32Z INFO HostContext] Well known directory 'Root': 'C:\Users\HMS COMPUTER\Desktop\CICD N\beginner-html-site'
[2026-04-28 22:20:32Z INFO HostContext] Well known config file 'Runner': 'C:\Users\HMS COMPUTER\Desktop\CICD N\beginner-html-site\.runner'
[2026-04-28 22:20:32Z INFO Listener] Runner is built for Windows (X64) - win-x64.
[2026-04-28 22:20:32Z INFO Listener] RuntimeInformation: Microsoft Windows 10.0.19045.
[2026-04-28 22:20:32Z INFO Listener] Version: 2.334.0
[2026-04-28 22:20:32Z INFO Listener] Commit: f1995ede5d885c997d13d8eca5467c4ce97fe69c
[2026-04-28 22:20:32Z INFO Listener] Culture: en-US
[2026-04-28 22:20:32Z INFO Listener] UI Culture: en-US
[2026-04-28 22:20:32Z INFO HostContext] Well known directory 'Bin': 'C:\Users\HMS COMPUTER\Desktop\CICD N\beginner-html-site\bin'
[2026-04-28 22:20:32Z INFO HostContext] Well known directory 'Root': 'C:\Users\HMS COMPUTER\Desktop\CICD N\beginner-html-site'
[2026-04-28 22:20:32Z INFO Listener] Validating directory permissions for: 'C:\Users\HMS COMPUTER\Desktop\CICD N\beginner-html-site'
[2026-04-28 22:20:32Z INFO CommandLineParser] Parse
[2026-04-28 22:20:32Z INFO CommandLineParser] Parsing 1 args
[2026-04-28 22:20:32Z INFO CommandLineParser] parsing argument
[2026-04-28 22:20:32Z INFO CommandLineParser] HasArgs: False
[2026-04-28 22:20:32Z INFO CommandLineParser] Adding Command: remove
[2026-04-28 22:20:32Z INFO Listener] Arguments parsed
[2026-04-28 22:20:32Z INFO Runner] ExecuteCommand
[2026-04-28 22:20:32Z INFO ConfigurationStore] currentAssemblyLocation: C:\Users\HMS COMPUTER\Desktop\CICD N\beginner-html-site\bin\Runner.Listener.dll
[2026-04-28 22:20:32Z INFO HostContext] Well known directory 'Bin': 'C:\Users\HMS COMPUTER\Desktop\CICD N\beginner-html-site\bin'
[2026-04-28 22:20:32Z INFO ConfigurationStore] binPath: C:\Users\HMS COMPUTER\Desktop\CICD N\beginner-html-site\bin
[2026-04-28 22:20:32Z INFO HostContext] Well known directory 'Bin': 'C:\Users\HMS COMPUTER\Desktop\CICD N\beginner-html-site\bin'
[2026-04-28 22:20:32Z INFO HostContext] Well known directory 'Root': 'C:\Users\HMS COMPUTER\Desktop\CICD N\beginner-html-site'
[2026-04-28 22:20:32Z INFO ConfigurationStore] RootFolder: C:\Users\HMS COMPUTER\Desktop\CICD N\beginner-html-site
[2026-04-28 22:20:32Z INFO HostContext] Well known directory 'Bin': 'C:\Users\HMS COMPUTER\Desktop\CICD N\beginner-html-site\bin'
[2026-04-28 22:20:32Z INFO HostContext] Well known directory 'Root': 'C:\Users\HMS COMPUTER\Desktop\CICD N\beginner-html-site'
[2026-04-28 22:20:32Z INFO HostContext] Well known config file 'Runner': 'C:\Users\HMS COMPUTER\Desktop\CICD N\beginner-html-site\.runner'
[2026-04-28 22:20:32Z INFO ConfigurationStore] ConfigFilePath: C:\Users\HMS COMPUTER\Desktop\CICD N\beginner-html-site\.runner
[2026-04-28 22:20:32Z INFO HostContext] Well known directory 'Bin': 'C:\Users\HMS COMPUTER\Desktop\CICD N\beginner-html-site\bin'
[2026-04-28 22:20:32Z INFO HostContext] Well known directory 'Root': 'C:\Users\HMS COMPUTER\Desktop\CICD N\beginner-html-site'
[2026-04-28 22:20:32Z INFO HostContext] Well known config file 'MigratedRunner': 'C:\Users\HMS COMPUTER\Desktop\CICD N\beginner-html-site\.runner_migrated'
[2026-04-28 22:20:32Z INFO ConfigurationStore] MigratedConfigFilePath: C:\Users\HMS COMPUTER\Desktop\CICD N\beginner-html-site\.runner_migrated
[2026-04-28 22:20:32Z INFO HostContext] Well known directory 'Bin': 'C:\Users\HMS COMPUTER\Desktop\CICD N\beginner-html-site\bin'
[2026-04-28 22:20:32Z INFO HostContext] Well known directory 'Root': 'C:\Users\HMS COMPUTER\Desktop\CICD N\beginner-html-site'
[2026-04-28 22:20:32Z INFO HostContext] Well known config file 'Credentials': 'C:\Users\HMS COMPUTER\Desktop\CICD N\beginner-html-site\.credentials'
[2026-04-28 22:20:32Z INFO ConfigurationStore] CredFilePath: C:\Users\HMS COMPUTER\Desktop\CICD N\beginner-html-site\.credentials
[2026-04-28 22:20:32Z INFO HostContext] Well known directory 'Bin': 'C:\Users\HMS COMPUTER\Desktop\CICD N\beginner-html-site\bin'
[2026-04-28 22:20:32Z INFO HostContext] Well known directory 'Root': 'C:\Users\HMS COMPUTER\Desktop\CICD N\beginner-html-site'
[2026-04-28 22:20:32Z INFO HostContext] Well known config file 'MigratedCredentials': 'C:\Users\HMS COMPUTER\Desktop\CICD N\beginner-html-site\.credentials_migrated'
[2026-04-28 22:20:32Z INFO ConfigurationStore] MigratedCredFilePath: C:\Users\HMS COMPUTER\Desktop\CICD N\beginner-html-site\.credentials_migrated
[2026-04-28 22:20:32Z INFO HostContext] Well known directory 'Bin': 'C:\Users\HMS COMPUTER\Desktop\CICD N\beginner-html-site\bin'
[2026-04-28 22:20:32Z INFO HostContext] Well known directory 'Root': 'C:\Users\HMS COMPUTER\Desktop\CICD N\beginner-html-site'
[2026-04-28 22:20:32Z INFO HostContext] Well known config file 'Service': 'C:\Users\HMS COMPUTER\Desktop\CICD N\beginner-html-site\.service'
[2026-04-28 22:20:32Z INFO ConfigurationStore] ServiceConfigFilePath: C:\Users\HMS COMPUTER\Desktop\CICD N\beginner-html-site\.service
[2026-04-28 22:20:32Z INFO CommandSettings] Flag 'help': 'False'
[2026-04-28 22:20:32Z INFO CommandSettings] Flag 'version': 'False'
[2026-04-28 22:20:32Z INFO CommandSettings] Flag 'commit': 'False'
[2026-04-28 22:20:32Z INFO CommandSettings] Flag 'check': 'False'
[2026-04-28 22:20:32Z INFO CommandSettings] Command 'configure': 'False'
[2026-04-28 22:20:32Z INFO CommandSettings] Command 'remove': 'True'
[2026-04-28 22:20:32Z INFO CommandSettings] Flag 'local': 'False'
[2026-04-28 22:20:32Z INFO ConfigurationStore] IsServiceConfigured()
[2026-04-28 22:20:32Z INFO ConfigurationStore] IsServiceConfigured: False
[2026-04-28 22:20:32Z INFO ConfigurationStore] IsConfigured()
[2026-04-28 22:20:32Z INFO ConfigurationStore] IsConfigured: True
[2026-04-28 22:20:32Z INFO ConfigurationStore] HasCredentials()
[2026-04-28 22:20:32Z INFO ConfigurationStore] stored True
[2026-04-28 22:20:32Z INFO ConfigurationStore] Read setting file: 397 chars
[2026-04-28 22:20:32Z INFO CommandSettings] Arg 'token': ''
[2026-04-28 22:20:32Z INFO CommandSettings] Flag 'unattended': 'False'
[2026-04-28 22:20:32Z INFO PromptManager] ReadValue
[2026-04-28 22:20:32Z INFO Terminal] WRITE: Enter runner remove token: 
[2026-04-28 22:20:32Z INFO Terminal] READ SECRET
[2026-04-28 22:20:49Z INFO Terminal] Read value: '***'
[2026-04-28 22:20:52Z INFO ConfigurationManager] Http response code: OK from 'POST https://api.github.com/actions/runner-registration' (F542:205A12:850C11:8A5085:69F20F48)
[2026-04-28 22:20:52Z INFO ConfigurationManager] cred retrieved via GitHub auth
[2026-04-28 22:20:52Z INFO RunnerServer] EstablishVssConnection
[2026-04-28 22:20:52Z INFO RunnerServer] Establish connection with 100 seconds timeout.
[2026-04-28 22:20:53Z INFO GitHubActionsService] Starting operation Location.GetConnectionData
[2026-04-28 22:20:53Z INFO RunnerServer] EstablishVssConnection
[2026-04-28 22:20:53Z INFO RunnerServer] Establish connection with 60 seconds timeout.
[2026-04-28 22:20:53Z INFO GitHubActionsService] Starting operation Location.GetConnectionData
[2026-04-28 22:20:53Z INFO RunnerServer] EstablishVssConnection
[2026-04-28 22:20:53Z INFO RunnerServer] Establish connection with 60 seconds timeout.
[2026-04-28 22:20:53Z INFO GitHubActionsService] Starting operation Location.GetConnectionData
[2026-04-28 22:20:54Z INFO GitHubActionsService] Finished operation Location.GetConnectionData
[2026-04-28 22:20:54Z INFO GitHubActionsService] Finished operation Location.GetConnectionData
[2026-04-28 22:20:54Z INFO GitHubActionsService] Finished operation Location.GetConnectionData
[2026-04-28 22:20:55Z INFO Terminal] WRITE LINE: 
[2026-04-28 22:20:55Z INFO ConfigurationStore] IsConfigured()
[2026-04-28 22:20:55Z INFO ConfigurationStore] IsConfigured: True
[2026-04-28 22:20:55Z INFO ConfigurationStore] HasCredentials()
[2026-04-28 22:20:55Z INFO ConfigurationStore] stored True
[2026-04-28 22:20:55Z INFO HostContext] Well known directory 'Bin': 'C:\Users\HMS COMPUTER\Desktop\CICD N\beginner-html-site\bin'
[2026-04-28 22:20:55Z INFO HostContext] Well known directory 'Root': 'C:\Users\HMS COMPUTER\Desktop\CICD N\beginner-html-site'
[2026-04-28 22:20:55Z INFO HostContext] Well known config file 'RSACredentials': 'C:\Users\HMS COMPUTER\Desktop\CICD N\beginner-html-site\.credentials_rsaparams'
[2026-04-28 22:20:55Z INFO RSAEncryptedFileKeyManager] Deleting RSA key parameters file C:\Users\HMS COMPUTER\Desktop\CICD N\beginner-html-site\.credentials_rsaparams
[2026-04-28 22:20:55Z INFO Terminal] WRITE LINE: 
[2026-04-28 22:20:55Z INFO Listener] Runner execution has finished with return code 0
